Computer attacked at 3, 6. It was a miss.
Player 1 attacked at 0, 2. It was a hit!
Computer attacked at 4, 4. It was a miss.
Player 1 attacked at 0, 3. It was a hit!
Computer attacked at 0, 3. It was a hit!
Player 1 attacked at 0, 5. It was a hit!
Computer attacked at 7, 4. It was a miss.
Player 1 attacked at 0, 6. It was a hit!
Computer attacked at 7, 8. It was a hit!
Player 1 attacked at 0, 7. It was a hit!
Computer attacked at 6, 5. It was a miss.
Player 1 attacked at 3, 3. It was a hit!
Computer attacked at 4, 2. It was a miss.
Player 1 attacked at 4, 3. It was a hit!
Computer attacked at 6, 0. It was a miss.
Player 1 attacked at 5, 3. It was a hit!
Computer attacked at 0, 4. It was a hit!
Player 1 attacked at 2, 5. It was a hit!
Computer attacked at 8, 6. It was a miss.
Player 1 attacked at 3, 5. It was a hit!
Computer attacked at 6, 3. It was a miss.
Player 1 attacked at 4, 5. It was a hit!
Computer attacked at 1, 3. It was a miss.
Player 1 attacked at 5, 5. It was a hit!
Computer attacked at 1, 0. It was a miss.
Player 1 attacked at 4, 8. It was a hit!
Computer attacked at 3, 7. It was a miss.
Player 1 attacked at 5, 8. It was a hit!
Computer attacked at 5, 5. It was a miss.
Player 1 attacked at 6, 8. It was a hit!
Computer attacked at 3, 1. It was a miss.
Player 1 attacked at 7, 8. It was a hit!
Computer attacked at 8, 9. It was a miss.
Player 1 attacked at 8, 8. It was a hit!
Player One Stats:
-----------------
Number of Hits: 17
Number of Misses: 0
Total Number of Shots: 17
Hit/Miss Ratio: 100.00%
Computer Stats:
-----------------
Number of Hits: 3
Number of Misses: 14
Total Number of Shots: 17
Hit/Miss Ratio: 17.65%
